[0 : output] Output to be read-from/written-into folder 'chains', with prefix 'PlanckBao'
[0 : prior] *WARNING* External prior 'SZ' loaded. Mind that it might not be normalized!
[0 : camb] `camb` module loaded successfully from /users/smp24dhl/cosmo/code/CAMB_beta/camb
[0 : planck_2018_highl_plik.ttteee] `clik` module loaded successfully from /users/smp24dhl/cosmo/code/planck/clik/lib/python3.9/site-packages/clik
/users/smp24dhl/cosmo/code/act_dr6_lenslike/act_dr6_lenslike/act_dr6_lenslike.py:416: UserWarning: Hartlap correction to cinv: 0.949874686716792
  warnings.warn(f"Hartlap correction to cinv: {hartlap_correction}")
/users/smp24dhl/cosmo/code/act_dr6_lenslike/act_dr6_lenslike/act_dr6_lenslike.py:416: UserWarning: Hartlap correction to cinv: 0.949874686716792
  warnings.warn(f"Hartlap correction to cinv: {hartlap_correction}")
/users/smp24dhl/cosmo/code/act_dr6_lenslike/act_dr6_lenslike/act_dr6_lenslike.py:416: UserWarning: Hartlap correction to cinv: 0.949874686716792
  warnings.warn(f"Hartlap correction to cinv: {hartlap_correction}")
/users/smp24dhl/cosmo/code/act_dr6_lenslike/act_dr6_lenslike/act_dr6_lenslike.py:416: UserWarning: Hartlap correction to cinv: 0.949874686716792
  warnings.warn(f"Hartlap correction to cinv: {hartlap_correction}")
Loading ACT DR6 lensing likelihood v1.2...
[1 : bao.desi_dr2] Initialized.
Loading ACT DR6 lensing likelihood v1.2...
[3 : bao.desi_dr2] Initialized.
Loading ACT DR6 lensing likelihood v1.2...
[0 : bao.desi_dr2] Initialized.
Loading ACT DR6 lensing likelihood v1.2...
[2 : bao.desi_dr2] Initialized.
[1 : mcmc] Getting initial point... (this may take a few seconds)
[3 : mcmc] Getting initial point... (this may take a few seconds)
[2 : mcmc] Getting initial point... (this may take a few seconds)
[0 : mcmc] Getting initial point... (this may take a few seconds)
[3 : mcmc] Initial point: logA:3.051331, ns:0.9618341, theta_MC_100:1.040504, ombh2:0.02239515, omch2:0.1197349, w:-1.022659, wa:-0.0237688, beta_DE:0.9993565, tau:0.05542232, A_planck:0.9970958, calib_100T:1.000062, calib_217T:0.9975211, A_cib_217:68.33697, xi_sz_cib:0.01115427, A_sz:8.095847, ksz_norm:4.634302, gal545_A_100:7.876958, gal545_A_143:10.19104, gal545_A_143_217:21.98314, gal545_A_217:57.62482, ps_A_100_100:274.727, ps_A_143_143:53.92516, ps_A_143_217:5.227086, ps_A_217_217:86.46507, galf_TE_A_100:0.1664704, galf_TE_A_100_143:0.1631855, galf_TE_A_100_217:0.5213321, galf_TE_A_143:0.3253289, galf_TE_A_143_217:0.6399214, galf_TE_A_217:2.24896
[1 : mcmc] Initial point: logA:3.051213, ns:0.9742176, theta_MC_100:1.04024, ombh2:0.02243658, omch2:0.1210412, w:-0.9900661, wa:-0.04241711, beta_DE:1.000662, tau:0.05542653, A_planck:1.000979, calib_100T:0.9999871, calib_217T:0.9982871, A_cib_217:67.36646, xi_sz_cib:0.0402447, A_sz:8.876147, ksz_norm:1.884525, gal545_A_100:6.982815, gal545_A_143:11.48206, gal545_A_143_217:17.31329, gal545_A_217:81.32461, ps_A_100_100:253.579, ps_A_143_143:51.78988, ps_A_143_217:19.64761, ps_A_217_217:96.63084, galf_TE_A_100:-0.007987633, galf_TE_A_100_143:0.07630517, galf_TE_A_100_217:0.5725138, galf_TE_A_143:0.3675542, galf_TE_A_143_217:0.6016945, galf_TE_A_217:1.782
[2 : mcmc] Initial point: logA:3.049201, ns:0.9693105, theta_MC_100:1.04161, ombh2:0.02243313, omch2:0.1188925, w:-1.023466, wa:-0.1260278, beta_DE:1.000315, tau:0.05422836, A_planck:0.9985586, calib_100T:1.000894, calib_217T:0.9978647, A_cib_217:59.59814, xi_sz_cib:0.08376683, A_sz:4.247233, ksz_norm:1.080484, gal545_A_100:7.326093, gal545_A_143:7.508128, gal545_A_143_217:13.84291, gal545_A_217:85.52538, ps_A_100_100:292.7901, ps_A_143_143:49.45772, ps_A_143_217:40.67746, ps_A_217_217:117.4365, galf_TE_A_100:0.1364258, galf_TE_A_100_143:-0.003144002, galf_TE_A_100_217:0.3876897, galf_TE_A_143:0.2090048, galf_TE_A_143_217:0.6622289, galf_TE_A_217:1.968407
[0 : mcmc] Initial point: logA:3.051368, ns:0.9675143, theta_MC_100:1.040432, ombh2:0.02231196, omch2:0.121165, w:-0.9718719, wa:-0.03920385, beta_DE:0.9999449, tau:0.05506424, A_planck:1.001253, calib_100T:1.001497, calib_217T:0.999744, A_cib_217:72.21219, xi_sz_cib:0.1902193, A_sz:8.028889, ksz_norm:4.058197, gal545_A_100:5.063263, gal545_A_143:12.12482, gal545_A_143_217:27.70766, gal545_A_217:83.16105, ps_A_100_100:276.8078, ps_A_143_143:53.73455, ps_A_143_217:42.47323, ps_A_217_217:134.3055, galf_TE_A_100:0.2934981, galf_TE_A_100_143:0.08769041, galf_TE_A_100_217:0.3927881, galf_TE_A_143:0.1555329, galf_TE_A_143_217:0.6322923, galf_TE_A_217:2.114154
[0 : model] Measuring speeds... (this may take a few seconds)
[0 : model] Setting measured speeds (per sec): {planck_2018_lowl.TT: 1750.0, planck_2018_lowl.EE: 8330.0, planck_2018_highl_plik.TTTEEE: 56.2, act_dr6_lenslike.ACTDR6LensLike: 7.5, bao.desi_dr2: 1150.0, camb.transfers: 0.0953, camb: 0.333}
[0 : mcmc] Dragging with number of interpolating steps:
[0 : mcmc] *  1 : [['theta_MC_100', 'ombh2', 'omch2', 'w', 'wa', 'beta_DE', 'tau'], ['logA', 'ns']]
[0 : mcmc] * 30 : [['A_planck'], ['calib_100T', 'calib_217T', 'A_cib_217', 'xi_sz_cib', 'A_sz', 'ksz_norm', 'gal545_A_100', 'gal545_A_143', 'gal545_A_143_217', 'gal545_A_217', 'ps_A_100_100', 'ps_A_143_143', 'ps_A_143_217', 'ps_A_217_217', 'galf_TE_A_100', 'galf_TE_A_100_143', 'galf_TE_A_100_217', 'galf_TE_A_143', 'galf_TE_A_143_217', 'galf_TE_A_217']]
[0 : mcmc] Covariance matrix loaded for params ['logA', 'ns', 'theta_MC_100', 'ombh2', 'omch2', 'w', 'wa', 'beta_DE', 'tau', 'A_planck', 'calib_100T', 'calib_217T', 'A_cib_217', 'xi_sz_cib', 'A_sz', 'ksz_norm', 'gal545_A_100', 'gal545_A_143', 'gal545_A_143_217', 'gal545_A_217', 'ps_A_100_100', 'ps_A_143_143', 'ps_A_143_217', 'ps_A_217_217', 'galf_TE_A_100', 'galf_TE_A_100_143', 'galf_TE_A_100_217', 'galf_TE_A_143', 'galf_TE_A_143_217', 'galf_TE_A_217']
[0 : mcmc] All parameters' covariance loaded from given covmat.
[0 : mcmc] Sampling!
[2 : mcmc] Progress @ 2025-03-27 16:40:04 : 1 steps taken, and 0 accepted.
[3 : mcmc] Progress @ 2025-03-27 16:40:04 : 1 steps taken, and 0 accepted.
[0 : mcmc] Progress @ 2025-03-27 16:40:22 : 1 steps taken, and 0 accepted.
[1 : mcmc] Progress @ 2025-03-27 16:40:32 : 1 steps taken, and 0 accepted.
[2 : mcmc] Progress @ 2025-03-27 16:41:06 : 6 steps taken, and 0 accepted.
[3 : mcmc] Progress @ 2025-03-27 16:41:18 : 7 steps taken, and 1 accepted.
[0 : mcmc] Progress @ 2025-03-27 16:41:33 : 15 steps taken, and 2 accepted.
[1 : mcmc] Progress @ 2025-03-27 16:41:40 : 18 steps taken, and 2 accepted.
[2 : mcmc] Progress @ 2025-03-27 16:42:09 : 12 steps taken, and 1 accepted.
[3 : mcmc] Progress @ 2025-03-27 16:42:28 : 12 steps taken, and 1 accepted.
[0 : mcmc] Progress @ 2025-03-27 16:42:36 : 23 steps taken, and 3 accepted.
[1 : mcmc] Progress @ 2025-03-27 16:42:53 : 26 steps taken, and 2 accepted.
[2 : mcmc] Progress @ 2025-03-27 16:43:13 : 19 steps taken, and 1 accepted.
[3 : mcmc] Progress @ 2025-03-27 16:43:39 : 27 steps taken, and 4 accepted.
[0 : mcmc] Progress @ 2025-03-27 16:43:48 : 33 steps taken, and 5 accepted.
[1 : mcmc] Progress @ 2025-03-27 16:44:05 : 33 steps taken, and 4 accepted.
[2 : mcmc] Progress @ 2025-03-27 16:44:20 : 26 steps taken, and 3 accepted.
[3 : mcmc] Progress @ 2025-03-27 16:44:40 : 47 steps taken, and 7 accepted.
[0 : mcmc] Progress @ 2025-03-27 16:45:01 : 39 steps taken, and 6 accepted.
[1 : mcmc] Progress @ 2025-03-27 16:45:08 : 43 steps taken, and 7 accepted.
[2 : mcmc] Progress @ 2025-03-27 16:45:27 : 37 steps taken, and 5 accepted.
[3 : mcmc] Progress @ 2025-03-27 16:45:43 : 60 steps taken, and 8 accepted.
[0 : mcmc] Progress @ 2025-03-27 16:46:09 : 46 steps taken, and 7 accepted.
[1 : mcmc] Progress @ 2025-03-27 16:46:11 : 50 steps taken, and 8 accepted.
[2 : mcmc] Progress @ 2025-03-27 16:46:30 : 44 steps taken, and 5 accepted.
[3 : mcmc] Progress @ 2025-03-27 16:46:55 : 66 steps taken, and 9 accepted.
[0 : mcmc] Progress @ 2025-03-27 16:47:20 : 58 steps taken, and 11 accepted.
[1 : mcmc] Progress @ 2025-03-27 16:47:21 : 55 steps taken, and 10 accepted.
[2 : mcmc] Progress @ 2025-03-27 16:47:38 : 53 steps taken, and 5 accepted.
[3 : mcmc] Progress @ 2025-03-27 16:47:59 : 74 steps taken, and 11 accepted.
[1 : mcmc] Progress @ 2025-03-27 16:48:24 : 61 steps taken, and 12 accepted.
[0 : mcmc] Progress @ 2025-03-27 16:48:28 : 65 steps taken, and 11 accepted.
[2 : mcmc] Progress @ 2025-03-27 16:48:45 : 62 steps taken, and 6 accepted.
[3 : mcmc] Progress @ 2025-03-27 16:49:07 : 87 steps taken, and 13 accepted.
[1 : mcmc] Progress @ 2025-03-27 16:49:35 : 66 steps taken, and 15 accepted.
[0 : mcmc] Progress @ 2025-03-27 16:49:39 : 81 steps taken, and 15 accepted.
[2 : mcmc] Progress @ 2025-03-27 16:49:52 : 69 steps taken, and 6 accepted.
[3 : mcmc] Progress @ 2025-03-27 16:50:07 : 92 steps taken, and 13 accepted.
[1 : mcmc] Progress @ 2025-03-27 16:50:39 : 73 steps taken, and 16 accepted.
[0 : mcmc] Progress @ 2025-03-27 16:50:46 : 91 steps taken, and 15 accepted.
[2 : mcmc] Progress @ 2025-03-27 16:51:01 : 79 steps taken, and 6 accepted.
[3 : mcmc] Progress @ 2025-03-27 16:51:07 : 98 steps taken, and 13 accepted.
[1 : mcmc] Progress @ 2025-03-27 16:51:39 : 79 steps taken, and 16 accepted.
[0 : mcmc] Progress @ 2025-03-27 16:51:48 : 102 steps taken, and 15 accepted.
[2 : mcmc] Progress @ 2025-03-27 16:52:04 : 89 steps taken, and 7 accepted.
[3 : mcmc] Progress @ 2025-03-27 16:52:18 : 113 steps taken, and 15 accepted.
[1 : mcmc] Progress @ 2025-03-27 16:52:40 : 86 steps taken, and 17 accepted.
[0 : mcmc] Progress @ 2025-03-27 16:52:55 : 114 steps taken, and 15 accepted.
[2 : mcmc] Progress @ 2025-03-27 16:53:15 : 99 steps taken, and 9 accepted.
[3 : mcmc] Progress @ 2025-03-27 16:53:21 : 126 steps taken, and 17 accepted.
[1 : mcmc] Progress @ 2025-03-27 16:53:54 : 94 steps taken, and 17 accepted.
[0 : mcmc] Progress @ 2025-03-27 16:53:57 : 123 steps taken, and 17 accepted.
[2 : mcmc] Progress @ 2025-03-27 16:54:18 : 106 steps taken, and 9 accepted.
[3 : mcmc] Progress @ 2025-03-27 16:54:25 : 135 steps taken, and 18 accepted.
[0 : mcmc] Progress @ 2025-03-27 16:55:01 : 131 steps taken, and 19 accepted.
[1 : mcmc] Progress @ 2025-03-27 16:55:03 : 101 steps taken, and 18 accepted.
[3 : mcmc] Progress @ 2025-03-27 16:55:28 : 145 steps taken, and 18 accepted.
[2 : mcmc] Progress @ 2025-03-27 16:55:32 : 111 steps taken, and 10 accepted.
[0 : mcmc] Progress @ 2025-03-27 16:56:04 : 140 steps taken, and 20 accepted.
[1 : mcmc] Progress @ 2025-03-27 16:56:16 : 114 steps taken, and 18 accepted.
[3 : mcmc] Progress @ 2025-03-27 16:56:36 : 150 steps taken, and 18 accepted.
[2 : mcmc] Progress @ 2025-03-27 16:56:40 : 118 steps taken, and 11 accepted.
[0 : mcmc] Progress @ 2025-03-27 16:57:16 : 150 steps taken, and 21 accepted.
[1 : mcmc] Progress @ 2025-03-27 16:57:30 : 121 steps taken, and 19 accepted.
[3 : mcmc] Progress @ 2025-03-27 16:57:39 : 160 steps taken, and 20 accepted.
[2 : mcmc] Progress @ 2025-03-27 16:57:51 : 129 steps taken, and 12 accepted.
[0 : mcmc] Progress @ 2025-03-27 16:58:22 : 158 steps taken, and 24 accepted.
[1 : mcmc] Progress @ 2025-03-27 16:58:30 : 128 steps taken, and 20 accepted.
[3 : mcmc] Progress @ 2025-03-27 16:58:42 : 170 steps taken, and 21 accepted.
[2 : mcmc] Progress @ 2025-03-27 16:58:58 : 138 steps taken, and 15 accepted.
[1 : mcmc] Progress @ 2025-03-27 16:59:30 : 133 steps taken, and 21 accepted.
[0 : mcmc] Progress @ 2025-03-27 16:59:36 : 163 steps taken, and 25 accepted.
[3 : mcmc] Progress @ 2025-03-27 16:59:45 : 183 steps taken, and 22 accepted.
[2 : mcmc] Progress @ 2025-03-27 17:00:01 : 147 steps taken, and 16 accepted.
[0 : mcmc] Progress @ 2025-03-27 17:00:38 : 168 steps taken, and 27 accepted.
[1 : mcmc] Progress @ 2025-03-27 17:00:39 : 143 steps taken, and 22 accepted.
[3 : mcmc] Progress @ 2025-03-27 17:00:55 : 192 steps taken, and 22 accepted.
[2 : mcmc] Progress @ 2025-03-27 17:01:13 : 155 steps taken, and 16 accepted.
[1 : mcmc] Progress @ 2025-03-27 17:01:44 : 150 steps taken, and 23 accepted.
[0 : mcmc] Progress @ 2025-03-27 17:01:53 : 176 steps taken, and 28 accepted.
[3 : mcmc] Progress @ 2025-03-27 17:01:58 : 202 steps taken, and 23 accepted.
[2 : mcmc] Progress @ 2025-03-27 17:02:16 : 161 steps taken, and 17 accepted.
[1 : mcmc] Progress @ 2025-03-27 17:02:55 : 156 steps taken, and 23 accepted.
[3 : mcmc] Progress @ 2025-03-27 17:03:02 : 210 steps taken, and 24 accepted.
[0 : mcmc] Progress @ 2025-03-27 17:03:03 : 190 steps taken, and 30 accepted.
[2 : mcmc] Progress @ 2025-03-27 17:03:29 : 167 steps taken, and 19 accepted.
[1 : mcmc] Progress @ 2025-03-27 17:04:00 : 163 steps taken, and 24 accepted.
[3 : mcmc] Progress @ 2025-03-27 17:04:06 : 219 steps taken, and 25 accepted.
[0 : mcmc] Progress @ 2025-03-27 17:04:17 : 197 steps taken, and 30 accepted.
[2 : mcmc] Progress @ 2025-03-27 17:04:33 : 175 steps taken, and 19 accepted.
[1 : mcmc] Progress @ 2025-03-27 17:05:03 : 172 steps taken, and 24 accepted.
[3 : mcmc] Progress @ 2025-03-27 17:05:09 : 229 steps taken, and 26 accepted.
[0 : mcmc] Progress @ 2025-03-27 17:05:22 : 205 steps taken, and 30 accepted.
[2 : mcmc] Progress @ 2025-03-27 17:05:36 : 181 steps taken, and 19 accepted.
[1 : mcmc] Progress @ 2025-03-27 17:06:17 : 182 steps taken, and 24 accepted.
[3 : mcmc] Progress @ 2025-03-27 17:06:23 : 239 steps taken, and 27 accepted.
[0 : mcmc] Progress @ 2025-03-27 17:06:28 : 212 steps taken, and 32 accepted.
[2 : mcmc] Progress @ 2025-03-27 17:06:43 : 187 steps taken, and 19 accepted.
[1 : mcmc] Progress @ 2025-03-27 17:07:27 : 187 steps taken, and 24 accepted.
----
clik version clik_16.0b1-2-g63c889f3aa9c MAKEFILE
  smica
Checking likelihood '/users/smp24dhl/cosmo/data/planck_2018/baseline/plc_3.0/hi_l/plik/plik_rd12_HM_v22b_TTTEEE.clik' on test data. got -1172.47 expected -1172.47 (diff -4.34054e-07)
----
[node043:63510:0:63510] Caught signal 11 (Segmentation fault: address not mapped to object at address 0xfffffffc0602f878)
BFD: DWARF error: can't find .debug_ranges section.
BFD: DWARF error: can't find .debug_ranges section.
BFD: DWARF error: can't find .debug_ranges section.
BFD: DWARF error: can't find .debug_ranges section.
BFD: DWARF error: can't find .debug_ranges section.
BFD: DWARF error: can't find .debug_ranges section.
BFD: DWARF error: can't find .debug_ranges section.
BFD: DWARF error: can't find .debug_ranges section.
BFD: DWARF error: can't find .debug_ranges section.
BFD: DWARF error: can't find .debug_ranges section.
BFD: DWARF error: can't find .debug_ranges section.
BFD: DWARF error: can't find .debug_ranges section.
BFD: DWARF error: can't find .debug_ranges section.
BFD: DWARF error: can't find .debug_ranges section.
BFD: DWARF error: can't find .debug_ranges section.
BFD: DWARF error: can't find .debug_ranges section.
BFD: DWARF error: can't find .debug_ranges section.
BFD: DWARF error: can't find .debug_ranges section.
BFD: DWARF error: can't find .debug_ranges section.
BFD: DWARF error: can't find .debug_ranges section.
BFD: DWARF error: can't find .debug_ranges section.
BFD: DWARF error: can't find .debug_ranges section.
BFD: DWARF error: can't find .debug_ranges section.
BFD: DWARF error: can't find .debug_ranges section.
BFD: DWARF error: can't find .debug_ranges section.
BFD: DWARF error: can't find .debug_ranges section.
BFD: DWARF error: can't find .debug_ranges section.
BFD: DWARF error: can't find .debug_ranges section.
BFD: DWARF error: can't find .debug_ranges section.
BFD: DWARF error: can't find .debug_ranges section.
BFD: DWARF error: can't find .debug_ranges section.
BFD: DWARF error: can't find .debug_ranges section.
BFD: DWARF error: can't find .debug_ranges section.
BFD: DWARF error: can't find .debug_ranges section.
BFD: DWARF error: can't find .debug_ranges section.
BFD: DWARF error: can't find .debug_ranges section.
BFD: DWARF error: can't find .debug_ranges section.
BFD: DWARF error: can't find .debug_ranges section.
BFD: DWARF error: can't find .debug_ranges section.
BFD: DWARF error: can't find .debug_ranges section.
BFD: DWARF error: can't find .debug_ranges section.
BFD: DWARF error: can't find .debug_ranges section.
BFD: DWARF error: can't find .debug_ranges section.
BFD: DWARF error: can't find .debug_ranges section.
BFD: DWARF error: can't find .debug_ranges section.
BFD: DWARF error: can't find .debug_ranges section.
BFD: DWARF error: can't find .debug_ranges section.
BFD: DWARF error: can't find .debug_ranges section.
BFD: DWARF error: can't find .debug_ranges section.
BFD: DWARF error: can't find .debug_ranges section.
BFD: DWARF error: can't find .debug_ranges section.
BFD: DWARF error: can't find .debug_ranges section.
BFD: DWARF error: can't find .debug_ranges section.
BFD: DWARF error: can't find .debug_ranges section.
BFD: DWARF error: can't find .debug_ranges section.
BFD: DWARF error: can't find .debug_ranges section.
BFD: DWARF error: can't find .debug_ranges section.
BFD: DWARF error: can't find .debug_ranges section.
BFD: DWARF error: can't find .debug_ranges section.
BFD: DWARF error: can't find .debug_ranges section.
BFD: DWARF error: can't find .debug_ranges section.
BFD: DWARF error: can't find .debug_ranges section.
BFD: DWARF error: can't find .debug_ranges section.
BFD: DWARF error: can't find .debug_ranges section.
BFD: DWARF error: can't find .debug_ranges section.
BFD: DWARF error: can't find .debug_ranges section.
BFD: DWARF error: can't find .debug_ranges section.
BFD: DWARF error: can't find .debug_ranges section.
BFD: DWARF error: can't find .debug_ranges section.
BFD: DWARF error: can't find .debug_ranges section.
BFD: DWARF error: can't find .debug_ranges section.
BFD: DWARF error: can't find .debug_ranges section.
BFD: DWARF error: can't find .debug_ranges section.
BFD: DWARF error: can't find .debug_ranges section.
BFD: DWARF error: can't find .debug_ranges section.
BFD: DWARF error: can't find .debug_ranges section.
BFD: DWARF error: can't find .debug_ranges section.
BFD: DWARF error: can't find .debug_ranges section.
BFD: DWARF error: can't find .debug_ranges section.
BFD: DWARF error: can't find .debug_ranges section.
BFD: DWARF error: can't find .debug_ranges section.
BFD: DWARF error: can't find .debug_ranges section.
BFD: DWARF error: can't find .debug_ranges section.
BFD: DWARF error: can't find .debug_ranges section.
BFD: DWARF error: can't find .debug_ranges section.
BFD: DWARF error: can't find .debug_ranges section.
BFD: DWARF error: can't find .debug_ranges section.
BFD: DWARF error: can't find .debug_ranges section.
BFD: DWARF error: can't find .debug_ranges section.
BFD: DWARF error: can't find .debug_ranges section.
==== backtrace (tid:  63510) ====
 0 0x0000000000021563 ucs_debug_print_backtrace()  /dev/shm/UCX/1.8.0/GCCcore-9.3.0/ucx-1.8.0/src/ucs/debug/debug.c:653
 1 0x0000000000039f63 __massivenu_MOD_thermalnubackground_rho()  ???:0
 2 0x000000000003da49 __results_MOD_grho_no_de()  ???:0
 3 0x00000000000a5f01 dtauda_()  ???:0
 4 0x000000000004cfdc __results_MOD_thermo_init._omp_fn.0()  results.f90:0
 5 0x0000000000014295 GOMP_parallel_sections()  ???:0
 6 0x000000000004f7c2 __results_MOD_thermo_init()  ???:0
 7 0x00000000000f3923 __cambmain_MOD_initvars()  ???:0
 8 0x00000000000f9bff __cambmain_MOD_cmbmain()  ???:0
 9 0x0000000000105846 __camb_MOD_camb_getresults()  ???:0
10 0x00000000001104df __handles_MOD_cambdata_gettransfers()  ???:0
11 0x0000000000006a4a ffi_call_unix64()  :0
12 0x0000000000005fea ffi_call_int()  ffi64.c:0
13 0x00000000000091e0 _ctypes_callproc.cold()  :0
14 0x00000000000126ee PyCFuncPtr_call()  :0
15 0x00000000004f061c _PyObject_MakeTpCall()  ???:0
16 0x00000000004ec4f7 _PyEval_EvalFrameDefault()  ???:0
17 0x00000000004e694a _PyEval_EvalCode()  :0
18 0x000000000050500d method_vectorcall()  :0
19 0x00000000004e8a8b _PyEval_EvalFrameDefault()  ???:0
20 0x00000000004e694a _PyEval_EvalCode()  :0
21 0x00000000004f7d95 _PyFunction_Vectorcall()  ???:0
22 0x00000000004e8a8b _PyEval_EvalFrameDefault()  ???:0
23 0x00000000004e694a _PyEval_EvalCode()  :0
24 0x000000000050500d method_vectorcall()  :0
25 0x0000000000505744 PyObject_Call()  ???:0
26 0x00000000004eac68 _PyEval_EvalFrameDefault()  ???:0
27 0x00000000004e694a _PyEval_EvalCode()  :0
28 0x000000000050500d method_vectorcall()  :0
29 0x00000000004e8a8b _PyEval_EvalFrameDefault()  ???:0
30 0x00000000004e694a _PyEval_EvalCode()  :0
31 0x000000000050500d method_vectorcall()  :0
32 0x00000000004e8a8b _PyEval_EvalFrameDefault()  ???:0
33 0x00000000004e694a _PyEval_EvalCode()  :0
34 0x00000000004f7d95 _PyFunction_Vectorcall()  ???:0
35 0x00000000004e7edc _PyEval_EvalFrameDefault()  ???:0
36 0x00000000004f8073 function_code_fastcall()  :0
37 0x0000000000504f01 method_vectorcall()  :0
38 0x00000000004ec5b4 _PyEval_EvalFrameDefault()  ???:0
39 0x00000000004f8073 function_code_fastcall()  :0
40 0x00000000004e7edc _PyEval_EvalFrameDefault()  ???:0
41 0x00000000004e694a _PyEval_EvalCode()  :0
42 0x00000000004f7d95 _PyFunction_Vectorcall()  ???:0
43 0x0000000000505744 PyObject_Call()  ???:0
44 0x00000000004eac68 _PyEval_EvalFrameDefault()  ???:0
45 0x00000000004f8073 function_code_fastcall()  :0
46 0x00000000004e7c22 _PyEval_EvalFrameDefault()  ???:0
47 0x00000000004e694a _PyEval_EvalCode()  :0
48 0x00000000004e65d7 _PyEval_EvalCodeWithName()  ???:0
49 0x00000000004e6589 PyEval_EvalCodeEx()  ???:0
50 0x0000000000593f2b PyEval_EvalCode()  ???:0
51 0x00000000005c1697 run_eval_code_obj()  :0
52 0x00000000005bd6b0 run_mod()  :0
53 0x00000000004565eb pyrun_file.cold()  :0
54 0x00000000005b7392 PyRun_SimpleFileExFlags()  ???:0
55 0x00000000005b490e Py_RunMain()  ???:0
56 0x0000000000587fd9 Py_BytesMain()  ???:0
57 0x0000000000022555 __libc_start_main()  ???:0
=================================
[node043:63510] *** Process received signal ***
[node043:63510] Signal: Segmentation fault (11)
[node043:63510] Signal code:  (-6)
[node043:63510] Failing at address: 0x8cfb80000f816
[node043:63510] [ 0] /lib64/libpthread.so.0(+0xf630)[0x7fb0d643e630]
[node043:63510] [ 1] /users/smp24dhl/cosmo/code/CAMB_beta/camb/camblib.so(__massivenu_MOD_thermalnubackground_rho+0x63)[0x7fb0b520af63]
[node043:63510] [ 2] /users/smp24dhl/cosmo/code/CAMB_beta/camb/camblib.so(__results_MOD_grho_no_de+0xc9)[0x7fb0b520ea49]
[node043:63510] [ 3] /users/smp24dhl/cosmo/code/CAMB_beta/camb/camblib.so(dtauda_+0x61)[0x7fb0b5276f01]
[node043:63510] [ 4] /users/smp24dhl/cosmo/code/CAMB_beta/camb/camblib.so(+0x4cfdc)[0x7fb0b521dfdc]
[node043:63510] [ 5] /users/smp24dhl/.conda/envs/cosmos/bin/../lib/libgomp.so.1(GOMP_parallel_sections+0x80)[0x7fb0b51a6295]
[node043:63510] [ 6] /users/smp24dhl/cosmo/code/CAMB_beta/camb/camblib.so(__results_MOD_thermo_init+0x12d2)[0x7fb0b52207c2]
[node043:63510] [ 7] /users/smp24dhl/cosmo/code/CAMB_beta/camb/camblib.so(__cambmain_MOD_initvars+0x193)[0x7fb0b52c4923]
[node043:63510] [ 8] /users/smp24dhl/cosmo/code/CAMB_beta/camb/camblib.so(__cambmain_MOD_cmbmain+0xbf)[0x7fb0b52cabff]
[node043:63510] [ 9] /users/smp24dhl/cosmo/code/CAMB_beta/camb/camblib.so(__camb_MOD_camb_getresults+0x2986)[0x7fb0b52d6846]
[node043:63510] [10] /users/smp24dhl/cosmo/code/CAMB_beta/camb/camblib.so(__handles_MOD_cambdata_gettransfers+0x1f)[0x7fb0b52e14df]
[node043:63510] [11] /users/smp24dhl/.conda/envs/cosmos/lib/python3.9/lib-dynload/../../libffi.so.8(+0x6a4a)[0x7fb0d66f9a4a]
[node043:63510] [12] /users/smp24dhl/.conda/envs/cosmos/lib/python3.9/lib-dynload/../../libffi.so.8(+0x5fea)[0x7fb0d66f8fea]
[node043:63510] [13] /users/smp24dhl/.conda/envs/cosmos/lib/python3.9/lib-dynload/_ctypes.cpython-39-x86_64-linux-gnu.so(+0x91e0)[0x7fb0cc3f81e0]
[node043:63510] [14] /users/smp24dhl/.conda/envs/cosmos/lib/python3.9/lib-dynload/_ctypes.cpython-39-x86_64-linux-gnu.so(+0x126ee)[0x7fb0cc4016ee]
[node043:63510] [15] /users/smp24dhl/.conda/envs/cosmos/bin/python(_PyObject_MakeTpCall+0x2ec)[0x4f061c]
[node043:63510] [16] /users/smp24dhl/.conda/envs/cosmos/bin/python(_PyEval_EvalFrameDefault+0x4ca7)[0x4ec4f7]
[node043:63510] [17] /users/smp24dhl/.conda/envs/cosmos/bin/python[0x4e694a]
[node043:63510] [18] /users/smp24dhl/.conda/envs/cosmos/bin/python[0x50500d]
[node043:63510] [19] /users/smp24dhl/.conda/envs/cosmos/bin/python(_PyEval_EvalFrameDefault+0x123b)[0x4e8a8b]
[node043:63510] [20] /users/smp24dhl/.conda/envs/cosmos/bin/python[0x4e694a]
[node043:63510] [21] /users/smp24dhl/.conda/envs/cosmos/bin/python(_PyFunction_Vectorcall+0xd5)[0x4f7d95]
[node043:63510] [22] /users/smp24dhl/.conda/envs/cosmos/bin/python(_PyEval_EvalFrameDefault+0x123b)[0x4e8a8b]
[node043:63510] [23] /users/smp24dhl/.conda/envs/cosmos/bin/python[0x4e694a]
[node043:63510] [24] /users/smp24dhl/.conda/envs/cosmos/bin/python[0x50500d]
[node043:63510] [25] /users/smp24dhl/.conda/envs/cosmos/bin/python(PyObject_Call+0xb4)[0x505744]
[node043:63510] [26] /users/smp24dhl/.conda/envs/cosmos/bin/python(_PyEval_EvalFrameDefault+0x3418)[0x4eac68]
[node043:63510] [27] /users/smp24dhl/.conda/envs/cosmos/bin/python[0x4e694a]
[node043:63510] [28] /users/smp24dhl/.conda/envs/cosmos/bin/python[0x50500d]
[node043:63510] [29] /users/smp24dhl/.conda/envs/cosmos/bin/python(_PyEval_EvalFrameDefault+0x123b)[0x4e8a8b]
[node043:63510] *** End of error message ***
[3 : mcmc] Progress @ 2025-03-27 17:07:31 : 255 steps taken, and 30 accepted.
srun: error: node043: task 2: Segmentation fault
slurmstepd: error:  mpi/pmix_v4: _errhandler: node043 [0]: pmixp_client_v2.c:212: Error handler invoked: status = -61, source = [slurm.pmix.5872185.0:2]
slurmstepd: error: *** STEP 5872185.0 ON node043 CANCELLED AT 2025-03-27T17:07:32 ***
srun: Job step aborted: Waiting up to 32 seconds for job step to finish.
srun: error: node043: tasks 1,3: Killed
srun: error: node043: task 0: Killed
