Traceback (most recent call last):
  File "/users/smp24dhl/cosmo/beta_de/new/scripts/checkpoint.py", line 18, in <module>
    samples = getdist.loadMCSamples(chain_root, settings={"ignore_rows": 0.3})
  File "/users/smp24dhl/.conda/envs/cosmos/lib/python3.9/site-packages/getdist/mcsamples.py", line 104, in loadMCSamples
    raise IOError('No chains found: ' + file_root)
OSError: No chains found: ../chains/planckdesipantheon
chain not converged
[0 : output] Output to be read-from/written-into folder '../chains', with prefix 'planckdesipantheon'
[0 : prior] *WARNING* External prior 'SZ' loaded. Mind that it might not be normalized!
[0 : camb] `camb` module loaded successfully from /users/smp24dhl/cosmo/code/CAMB_beta/camb
[0 : planck_2018_highl_plik.ttteee] `clik` module loaded successfully from /users/smp24dhl/cosmo/code/planck/clik/lib/python3.9/site-packages/clik
/users/smp24dhl/cosmo/code/act_dr6_lenslike/act_dr6_lenslike/act_dr6_lenslike.py:416: UserWarning: Hartlap correction to cinv: 0.949874686716792
  warnings.warn(f"Hartlap correction to cinv: {hartlap_correction}")
/users/smp24dhl/cosmo/code/act_dr6_lenslike/act_dr6_lenslike/act_dr6_lenslike.py:416: UserWarning: Hartlap correction to cinv: 0.949874686716792
  warnings.warn(f"Hartlap correction to cinv: {hartlap_correction}")
/users/smp24dhl/cosmo/code/act_dr6_lenslike/act_dr6_lenslike/act_dr6_lenslike.py:416: UserWarning: Hartlap correction to cinv: 0.949874686716792
  warnings.warn(f"Hartlap correction to cinv: {hartlap_correction}")
Loading ACT DR6 lensing likelihood v1.2...
[2 : bao.desi_dr2] Initialized.
Loading ACT DR6 lensing likelihood v1.2...
[3 : bao.desi_dr2] Initialized.
Loading ACT DR6 lensing likelihood v1.2...
[1 : bao.desi_dr2] Initialized.
/users/smp24dhl/cosmo/code/act_dr6_lenslike/act_dr6_lenslike/act_dr6_lenslike.py:416: UserWarning: Hartlap correction to cinv: 0.949874686716792
  warnings.warn(f"Hartlap correction to cinv: {hartlap_correction}")
Loading ACT DR6 lensing likelihood v1.2...
[0 : bao.desi_dr2] Initialized.
[0 : mcmc] Getting initial point... (this may take a few seconds)
[2 : mcmc] Getting initial point... (this may take a few seconds)
[3 : mcmc] Getting initial point... (this may take a few seconds)
[1 : mcmc] Getting initial point... (this may take a few seconds)
[3 : mcmc] Initial point: logA:3.050267, ns:0.956685, theta_MC_100:1.041984, ombh2:0.02227574, omch2:0.1194506, w:-0.9795734, wa:0.0007857271, beta_DE:1.001471, tau:0.05602108, A_planck:1.000356, calib_100T:1.000132, calib_217T:0.9988078, A_cib_217:63.51858, xi_sz_cib:0.08829665, A_sz:4.984371, ksz_norm:1.887304, gal545_A_100:1.736456, gal545_A_143:8.922421, gal545_A_143_217:23.93061, gal545_A_217:78.61617, ps_A_100_100:261.9603, ps_A_143_143:57.28767, ps_A_143_217:42.47059, ps_A_217_217:86.99098, galf_TE_A_100:0.1742696, galf_TE_A_100_143:0.2355798, galf_TE_A_100_217:0.3969954, galf_TE_A_143:0.2910336, galf_TE_A_143_217:0.8751437, galf_TE_A_217:1.745975
[0 : mcmc] Initial point: logA:3.049662, ns:0.9637884, theta_MC_100:1.041048, ombh2:0.02226047, omch2:0.1179667, w:-0.9756468, wa:0.006275166, beta_DE:0.9993503, tau:0.05485595, A_planck:0.9991642, calib_100T:0.9991966, calib_217T:0.9999361, A_cib_217:73.21594, xi_sz_cib:0.009945596, A_sz:7.964329, ksz_norm:3.469689, gal545_A_100:8.048345, gal545_A_143:6.957579, gal545_A_143_217:24.1334, gal545_A_217:70.05493, ps_A_100_100:197.8083, ps_A_143_143:54.81168, ps_A_143_217:28.10249, ps_A_217_217:76.9867, galf_TE_A_100:0.2868075, galf_TE_A_100_143:0.2018938, galf_TE_A_100_217:0.7584839, galf_TE_A_143:0.3163102, galf_TE_A_143_217:0.7034249, galf_TE_A_217:1.97199
[1 : mcmc] Initial point: logA:3.050133, ns:0.9606107, theta_MC_100:1.040323, ombh2:0.02222167, omch2:0.1196655, w:-1.00067, wa:-0.0001285018, beta_DE:0.9993948, tau:0.05468596, A_planck:0.9989588, calib_100T:1.000737, calib_217T:0.9987119, A_cib_217:66.90799, xi_sz_cib:0.06386099, A_sz:5.480621, ksz_norm:1.00188, gal545_A_100:6.620844, gal545_A_143:10.59696, gal545_A_143_217:14.64926, gal545_A_217:78.75418, ps_A_100_100:242.4907, ps_A_143_143:35.52912, ps_A_143_217:39.00347, ps_A_217_217:121.8286, galf_TE_A_100:0.07838469, galf_TE_A_100_143:0.07184405, galf_TE_A_100_217:0.4995226, galf_TE_A_143:0.3295661, galf_TE_A_143_217:0.7478571, galf_TE_A_217:2.174395
[2 : mcmc] Initial point: logA:3.049315, ns:0.964854, theta_MC_100:1.041468, ombh2:0.02245584, omch2:0.1231949, w:-0.9975581, wa:-0.08861503, beta_DE:0.9998187, tau:0.05619313, A_planck:0.9995651, calib_100T:1.000661, calib_217T:0.9972233, A_cib_217:66.37708, xi_sz_cib:0.02450167, A_sz:5.988277, ksz_norm:5.761827, gal545_A_100:8.511918, gal545_A_143:9.491903, gal545_A_143_217:15.08938, gal545_A_217:75.09954, ps_A_100_100:259.4099, ps_A_143_143:38.89635, ps_A_143_217:43.15823, ps_A_217_217:96.97569, galf_TE_A_100:0.1108139, galf_TE_A_100_143:-0.04555553, galf_TE_A_100_217:0.5730908, galf_TE_A_143:0.3380441, galf_TE_A_143_217:0.6874914, galf_TE_A_217:1.988128
[0 : model] Measuring speeds... (this may take a few seconds)
[0 : model] Setting measured speeds (per sec): {planck_2018_lowl.TT: 1560.0, planck_2018_lowl.EE: 7290.0, planck_2018_highl_plik.TTTEEE: 55.6, act_dr6_lenslike.ACTDR6LensLike: 5.66, bao.desi_dr2: 1030.0, sn.pantheonplus: 320.0, camb.transfers: 0.0969, camb: 0.326}
[0 : mcmc] Dragging with number of interpolating steps:
[0 : mcmc] *  1 : [['theta_MC_100', 'ombh2', 'omch2', 'w', 'wa', 'beta_DE', 'tau'], ['logA', 'ns']]
[0 : mcmc] * 30 : [['A_planck'], ['calib_100T', 'calib_217T', 'A_cib_217', 'xi_sz_cib', 'A_sz', 'ksz_norm', 'gal545_A_100', 'gal545_A_143', 'gal545_A_143_217', 'gal545_A_217', 'ps_A_100_100', 'ps_A_143_143', 'ps_A_143_217', 'ps_A_217_217', 'galf_TE_A_100', 'galf_TE_A_100_143', 'galf_TE_A_100_217', 'galf_TE_A_143', 'galf_TE_A_143_217', 'galf_TE_A_217']]
[0 : mcmc] Covariance matrix loaded for params ['logA', 'ns', 'theta_MC_100', 'ombh2', 'omch2', 'w', 'wa', 'beta_DE', 'tau', 'A_planck', 'calib_100T', 'calib_217T', 'A_cib_217', 'xi_sz_cib', 'A_sz', 'ksz_norm', 'gal545_A_100', 'gal545_A_143', 'gal545_A_143_217', 'gal545_A_217', 'ps_A_100_100', 'ps_A_143_143', 'ps_A_143_217', 'ps_A_217_217', 'galf_TE_A_100', 'galf_TE_A_100_143', 'galf_TE_A_100_217', 'galf_TE_A_143', 'galf_TE_A_143_217', 'galf_TE_A_217']
[0 : mcmc] All parameters' covariance loaded from given covmat.
[0 : mcmc] Sampling!
[2 : mcmc] Progress @ 2025-03-28 15:30:43 : 1 steps taken, and 0 accepted.
[0 : mcmc] Progress @ 2025-03-28 15:31:11 : 1 steps taken, and 0 accepted.
[1 : mcmc] Progress @ 2025-03-28 15:31:12 : 1 steps taken, and 0 accepted.
[3 : mcmc] Progress @ 2025-03-28 15:31:12 : 1 steps taken, and 0 accepted.
[2 : mcmc] Progress @ 2025-03-28 15:31:54 : 6 steps taken, and 0 accepted.
[3 : mcmc] Progress @ 2025-03-28 15:32:13 : 8 steps taken, and 2 accepted.
[0 : mcmc] Progress @ 2025-03-28 15:32:13 : 7 steps taken, and 1 accepted.
[1 : mcmc] Progress @ 2025-03-28 15:32:14 : 9 steps taken, and 3 accepted.
[2 : mcmc] Progress @ 2025-03-28 15:32:56 : 11 steps taken, and 1 accepted.
[3 : mcmc] Progress @ 2025-03-28 15:33:14 : 15 steps taken, and 4 accepted.
[1 : mcmc] Progress @ 2025-03-28 15:33:16 : 14 steps taken, and 5 accepted.
[0 : mcmc] Progress @ 2025-03-28 15:33:21 : 16 steps taken, and 4 accepted.
[2 : mcmc] Progress @ 2025-03-28 15:34:02 : 17 steps taken, and 4 accepted.
[3 : mcmc] Progress @ 2025-03-28 15:34:19 : 21 steps taken, and 6 accepted.
[1 : mcmc] Progress @ 2025-03-28 15:34:23 : 21 steps taken, and 7 accepted.
[0 : mcmc] Progress @ 2025-03-28 15:34:23 : 22 steps taken, and 4 accepted.
[2 : mcmc] Progress @ 2025-03-28 15:35:03 : 22 steps taken, and 6 accepted.
[3 : mcmc] Progress @ 2025-03-28 15:35:21 : 27 steps taken, and 8 accepted.
[1 : mcmc] Progress @ 2025-03-28 15:35:25 : 27 steps taken, and 9 accepted.
[0 : mcmc] Progress @ 2025-03-28 15:35:33 : 34 steps taken, and 6 accepted.
[2 : mcmc] Progress @ 2025-03-28 15:36:05 : 27 steps taken, and 8 accepted.
[3 : mcmc] Progress @ 2025-03-28 15:36:23 : 34 steps taken, and 9 accepted.
[1 : mcmc] Progress @ 2025-03-28 15:36:28 : 32 steps taken, and 10 accepted.
[0 : mcmc] Progress @ 2025-03-28 15:36:36 : 40 steps taken, and 8 accepted.
[2 : mcmc] Progress @ 2025-03-28 15:37:11 : 33 steps taken, and 11 accepted.
[3 : mcmc] Progress @ 2025-03-28 15:37:29 : 40 steps taken, and 11 accepted.
[0 : mcmc] Progress @ 2025-03-28 15:37:38 : 48 steps taken, and 9 accepted.
[1 : mcmc] Progress @ 2025-03-28 15:37:38 : 40 steps taken, and 14 accepted.
[2 : mcmc] Progress @ 2025-03-28 15:38:23 : 39 steps taken, and 13 accepted.
[3 : mcmc] Progress @ 2025-03-28 15:38:32 : 45 steps taken, and 12 accepted.
[0 : mcmc] Progress @ 2025-03-28 15:38:40 : 54 steps taken, and 11 accepted.
[1 : mcmc] Progress @ 2025-03-28 15:38:50 : 46 steps taken, and 17 accepted.
[2 : mcmc] Progress @ 2025-03-28 15:39:25 : 44 steps taken, and 15 accepted.
[3 : mcmc] Progress @ 2025-03-28 15:39:34 : 50 steps taken, and 13 accepted.
[1 : mcmc] Progress @ 2025-03-28 15:39:52 : 53 steps taken, and 19 accepted.
[0 : mcmc] Progress @ 2025-03-28 15:39:53 : 61 steps taken, and 14 accepted.
[2 : mcmc] Progress @ 2025-03-28 15:40:30 : 51 steps taken, and 18 accepted.
[3 : mcmc] Progress @ 2025-03-28 15:40:37 : 56 steps taken, and 15 accepted.
----
clik version clik_16.0b1-2-g63c889f3aa9c MAKEFILE
  smica
Checking likelihood '/users/smp24dhl/cosmo/data/planck_2018/baseline/plc_3.0/hi_l/plik/plik_rd12_HM_v22b_TTTEEE.clik' on test data. got -1172.47 expected -1172.47 (diff -4.34054e-07)
----
[node017:48754:0:48754] Caught signal 11 (Segmentation fault: address not mapped to object at address 0xfffffffc05528d48)
BFD: DWARF error: can't find .debug_ranges section.
BFD: DWARF error: can't find .debug_ranges section.
BFD: DWARF error: can't find .debug_ranges section.
BFD: DWARF error: can't find .debug_ranges section.
BFD: DWARF error: can't find .debug_ranges section.
BFD: DWARF error: can't find .debug_ranges section.
BFD: DWARF error: can't find .debug_ranges section.
BFD: DWARF error: can't find .debug_ranges section.
BFD: DWARF error: can't find .debug_ranges section.
BFD: DWARF error: can't find .debug_ranges section.
BFD: DWARF error: can't find .debug_ranges section.
BFD: DWARF error: can't find .debug_ranges section.
BFD: DWARF error: can't find .debug_ranges section.
BFD: DWARF error: can't find .debug_ranges section.
BFD: DWARF error: can't find .debug_ranges section.
BFD: DWARF error: can't find .debug_ranges section.
BFD: DWARF error: can't find .debug_ranges section.
BFD: DWARF error: can't find .debug_ranges section.
BFD: DWARF error: can't find .debug_ranges section.
BFD: DWARF error: can't find .debug_ranges section.
BFD: DWARF error: can't find .debug_ranges section.
BFD: DWARF error: can't find .debug_ranges section.
BFD: DWARF error: can't find .debug_ranges section.
BFD: DWARF error: can't find .debug_ranges section.
BFD: DWARF error: can't find .debug_ranges section.
BFD: DWARF error: can't find .debug_ranges section.
BFD: DWARF error: can't find .debug_ranges section.
BFD: DWARF error: can't find .debug_ranges section.
BFD: DWARF error: can't find .debug_ranges section.
BFD: DWARF error: can't find .debug_ranges section.
BFD: DWARF error: can't find .debug_ranges section.
BFD: DWARF error: can't find .debug_ranges section.
BFD: DWARF error: can't find .debug_ranges section.
BFD: DWARF error: can't find .debug_ranges section.
BFD: DWARF error: can't find .debug_ranges section.
BFD: DWARF error: can't find .debug_ranges section.
BFD: DWARF error: can't find .debug_ranges section.
BFD: DWARF error: can't find .debug_ranges section.
BFD: DWARF error: can't find .debug_ranges section.
BFD: DWARF error: can't find .debug_ranges section.
BFD: DWARF error: can't find .debug_ranges section.
BFD: DWARF error: can't find .debug_ranges section.
BFD: DWARF error: can't find .debug_ranges section.
BFD: DWARF error: can't find .debug_ranges section.
BFD: DWARF error: can't find .debug_ranges section.
BFD: DWARF error: can't find .debug_ranges section.
BFD: DWARF error: can't find .debug_ranges section.
BFD: DWARF error: can't find .debug_ranges section.
BFD: DWARF error: can't find .debug_ranges section.
BFD: DWARF error: can't find .debug_ranges section.
BFD: DWARF error: can't find .debug_ranges section.
BFD: DWARF error: can't find .debug_ranges section.
BFD: DWARF error: can't find .debug_ranges section.
BFD: DWARF error: can't find .debug_ranges section.
BFD: DWARF error: can't find .debug_ranges section.
BFD: DWARF error: can't find .debug_ranges section.
BFD: DWARF error: can't find .debug_ranges section.
BFD: DWARF error: can't find .debug_ranges section.
BFD: DWARF error: can't find .debug_ranges section.
BFD: DWARF error: can't find .debug_ranges section.
BFD: DWARF error: can't find .debug_ranges section.
BFD: DWARF error: can't find .debug_ranges section.
BFD: DWARF error: can't find .debug_ranges section.
BFD: DWARF error: can't find .debug_ranges section.
BFD: DWARF error: can't find .debug_ranges section.
BFD: DWARF error: can't find .debug_ranges section.
BFD: DWARF error: can't find .debug_ranges section.
BFD: DWARF error: can't find .debug_ranges section.
BFD: DWARF error: can't find .debug_ranges section.
BFD: DWARF error: can't find .debug_ranges section.
BFD: DWARF error: can't find .debug_ranges section.
BFD: DWARF error: can't find .debug_ranges section.
BFD: DWARF error: can't find .debug_ranges section.
BFD: DWARF error: can't find .debug_ranges section.
BFD: DWARF error: can't find .debug_ranges section.
BFD: DWARF error: can't find .debug_ranges section.
BFD: DWARF error: can't find .debug_ranges section.
BFD: DWARF error: can't find .debug_ranges section.
BFD: DWARF error: can't find .debug_ranges section.
BFD: DWARF error: can't find .debug_ranges section.
BFD: DWARF error: can't find .debug_ranges section.
BFD: DWARF error: can't find .debug_ranges section.
BFD: DWARF error: can't find .debug_ranges section.
BFD: DWARF error: can't find .debug_ranges section.
BFD: DWARF error: can't find .debug_ranges section.
BFD: DWARF error: can't find .debug_ranges section.
BFD: DWARF error: can't find .debug_ranges section.
BFD: DWARF error: can't find .debug_ranges section.
BFD: DWARF error: can't find .debug_ranges section.
BFD: DWARF error: can't find .debug_ranges section.
==== backtrace (tid:  48754) ====
 0 0x0000000000021563 ucs_debug_print_backtrace()  /dev/shm/UCX/1.8.0/GCCcore-9.3.0/ucx-1.8.0/src/ucs/debug/debug.c:653
 1 0x0000000000039f63 __massivenu_MOD_thermalnubackground_rho()  ???:0
 2 0x000000000003da49 __results_MOD_grho_no_de()  ???:0
 3 0x00000000000a5f01 dtauda_()  ???:0
 4 0x000000000004cfdc __results_MOD_thermo_init._omp_fn.0()  results.f90:0
 5 0x0000000000014295 GOMP_parallel_sections()  ???:0
 6 0x000000000004f7c2 __results_MOD_thermo_init()  ???:0
 7 0x00000000000f3923 __cambmain_MOD_initvars()  ???:0
 8 0x00000000000f9bff __cambmain_MOD_cmbmain()  ???:0
 9 0x0000000000105846 __camb_MOD_camb_getresults()  ???:0
10 0x00000000001104df __handles_MOD_cambdata_gettransfers()  ???:0
11 0x0000000000006a4a ffi_call_unix64()  :0
12 0x0000000000005fea ffi_call_int()  ffi64.c:0
13 0x00000000000091e0 _ctypes_callproc.cold()  :0
14 0x00000000000126ee PyCFuncPtr_call()  :0
15 0x00000000004f061c _PyObject_MakeTpCall()  ???:0
16 0x00000000004ec4f7 _PyEval_EvalFrameDefault()  ???:0
17 0x00000000004e694a _PyEval_EvalCode()  :0
18 0x000000000050500d method_vectorcall()  :0
19 0x00000000004e8a8b _PyEval_EvalFrameDefault()  ???:0
20 0x00000000004e694a _PyEval_EvalCode()  :0
21 0x00000000004f7d95 _PyFunction_Vectorcall()  ???:0
22 0x00000000004e8a8b _PyEval_EvalFrameDefault()  ???:0
23 0x00000000004e694a _PyEval_EvalCode()  :0
24 0x000000000050500d method_vectorcall()  :0
25 0x0000000000505744 PyObject_Call()  ???:0
26 0x00000000004eac68 _PyEval_EvalFrameDefault()  ???:0
27 0x00000000004e694a _PyEval_EvalCode()  :0
28 0x000000000050500d method_vectorcall()  :0
29 0x00000000004e8a8b _PyEval_EvalFrameDefault()  ???:0
30 0x00000000004e694a _PyEval_EvalCode()  :0
31 0x000000000050500d method_vectorcall()  :0
32 0x00000000004e8a8b _PyEval_EvalFrameDefault()  ???:0
33 0x00000000004e694a _PyEval_EvalCode()  :0
34 0x00000000004f7d95 _PyFunction_Vectorcall()  ???:0
35 0x00000000004e7edc _PyEval_EvalFrameDefault()  ???:0
36 0x00000000004f8073 function_code_fastcall()  :0
37 0x0000000000504f01 method_vectorcall()  :0
38 0x00000000004ec5b4 _PyEval_EvalFrameDefault()  ???:0
39 0x00000000004f8073 function_code_fastcall()  :0
40 0x00000000004e7edc _PyEval_EvalFrameDefault()  ???:0
41 0x00000000004e694a _PyEval_EvalCode()  :0
42 0x00000000004f7d95 _PyFunction_Vectorcall()  ???:0
43 0x0000000000505744 PyObject_Call()  ???:0
44 0x00000000004eac68 _PyEval_EvalFrameDefault()  ???:0
45 0x00000000004f8073 function_code_fastcall()  :0
46 0x00000000004e7c22 _PyEval_EvalFrameDefault()  ???:0
47 0x00000000004e694a _PyEval_EvalCode()  :0
48 0x00000000004e65d7 _PyEval_EvalCodeWithName()  ???:0
49 0x00000000004e6589 PyEval_EvalCodeEx()  ???:0
50 0x0000000000593f2b PyEval_EvalCode()  ???:0
51 0x00000000005c1697 run_eval_code_obj()  :0
52 0x00000000005bd6b0 run_mod()  :0
53 0x00000000004565eb pyrun_file.cold()  :0
54 0x00000000005b7392 PyRun_SimpleFileExFlags()  ???:0
55 0x00000000005b490e Py_RunMain()  ???:0
56 0x0000000000587fd9 Py_BytesMain()  ???:0
57 0x0000000000022555 __libc_start_main()  ???:0
=================================
[node017:48754] *** Process received signal ***
[node017:48754] Signal: Segmentation fault (11)
[node017:48754] Signal code:  (-6)
[node017:48754] Failing at address: 0x8cfb80000be72
[node017:48754] [ 0] /lib64/libpthread.so.0(+0xf630)[0x7fb09c113630]
[node017:48754] [ 1] /users/smp24dhl/cosmo/code/CAMB_beta/camb/camblib.so(__massivenu_MOD_thermalnubackground_rho+0x63)[0x7fb07aa81f63]
[node017:48754] [ 2] /users/smp24dhl/cosmo/code/CAMB_beta/camb/camblib.so(__results_MOD_grho_no_de+0xc9)[0x7fb07aa85a49]
[node017:48754] [ 3] /users/smp24dhl/cosmo/code/CAMB_beta/camb/camblib.so(dtauda_+0x61)[0x7fb07aaedf01]
[node017:48754] [ 4] /users/smp24dhl/cosmo/code/CAMB_beta/camb/camblib.so(+0x4cfdc)[0x7fb07aa94fdc]
[node017:48754] [ 5] /users/smp24dhl/.conda/envs/cosmos/bin/../lib/libgomp.so.1(GOMP_parallel_sections+0x80)[0x7fb07aa1d295]
[node017:48754] [ 6] /users/smp24dhl/cosmo/code/CAMB_beta/camb/camblib.so(__results_MOD_thermo_init+0x12d2)[0x7fb07aa977c2]
[node017:48754] [ 7] /users/smp24dhl/cosmo/code/CAMB_beta/camb/camblib.so(__cambmain_MOD_initvars+0x193)[0x7fb07ab3b923]
[node017:48754] [ 8] /users/smp24dhl/cosmo/code/CAMB_beta/camb/camblib.so(__cambmain_MOD_cmbmain+0xbf)[0x7fb07ab41bff]
[node017:48754] [ 9] /users/smp24dhl/cosmo/code/CAMB_beta/camb/camblib.so(__camb_MOD_camb_getresults+0x2986)[0x7fb07ab4d846]
[node017:48754] [10] /users/smp24dhl/cosmo/code/CAMB_beta/camb/camblib.so(__handles_MOD_cambdata_gettransfers+0x1f)[0x7fb07ab584df]
[node017:48754] [11] /users/smp24dhl/.conda/envs/cosmos/lib/python3.9/lib-dynload/../../libffi.so.8(+0x6a4a)[0x7fb09c3cea4a]
[node017:48754] [12] /users/smp24dhl/.conda/envs/cosmos/lib/python3.9/lib-dynload/../../libffi.so.8(+0x5fea)[0x7fb09c3cdfea]
[node017:48754] [13] /users/smp24dhl/.conda/envs/cosmos/lib/python3.9/lib-dynload/_ctypes.cpython-39-x86_64-linux-gnu.so(+0x91e0)[0x7fb0920cd1e0]
[node017:48754] [14] /users/smp24dhl/.conda/envs/cosmos/lib/python3.9/lib-dynload/_ctypes.cpython-39-x86_64-linux-gnu.so(+0x126ee)[0x7fb0920d66ee]
[node017:48754] [15] /users/smp24dhl/.conda/envs/cosmos/bin/python(_PyObject_MakeTpCall+0x2ec)[0x4f061c]
[node017:48754] [16] /users/smp24dhl/.conda/envs/cosmos/bin/python(_PyEval_EvalFrameDefault+0x4ca7)[0x4ec4f7]
[node017:48754] [17] /users/smp24dhl/.conda/envs/cosmos/bin/python[0x4e694a]
[node017:48754] [18] /users/smp24dhl/.conda/envs/cosmos/bin/python[0x50500d]
[node017:48754] [19] /users/smp24dhl/.conda/envs/cosmos/bin/python(_PyEval_EvalFrameDefault+0x123b)[0x4e8a8b]
[node017:48754] [20] /users/smp24dhl/.conda/envs/cosmos/bin/python[0x4e694a]
[node017:48754] [21] /users/smp24dhl/.conda/envs/cosmos/bin/python(_PyFunction_Vectorcall+0xd5)[0x4f7d95]
[node017:48754] [22] /users/smp24dhl/.conda/envs/cosmos/bin/python(_PyEval_EvalFrameDefault+0x123b)[0x4e8a8b]
[node017:48754] [23] /users/smp24dhl/.conda/envs/cosmos/bin/python[0x4e694a]
[node017:48754] [24] /users/smp24dhl/.conda/envs/cosmos/bin/python[0x50500d]
[node017:48754] [25] /users/smp24dhl/.conda/envs/cosmos/bin/python(PyObject_Call+0xb4)[0x505744]
[node017:48754] [26] /users/smp24dhl/.conda/envs/cosmos/bin/python(_PyEval_EvalFrameDefault+0x3418)[0x4eac68]
[node017:48754] [27] /users/smp24dhl/.conda/envs/cosmos/bin/python[0x4e694a]
[node017:48754] [28] /users/smp24dhl/.conda/envs/cosmos/bin/python[0x50500d]
[node017:48754] [29] /users/smp24dhl/.conda/envs/cosmos/bin/python(_PyEval_EvalFrameDefault+0x123b)[0x4e8a8b]
[node017:48754] *** End of error message ***
srun: error: node017: task 0: Segmentation fault
slurmstepd: error:  mpi/pmix_v4: _errhandler: node017 [0]: pmixp_client_v2.c:212: Error handler invoked: status = -61, source = [slurm.pmix.5879177.0:0]
slurmstepd: error: *** STEP 5879177.0 ON node017 CANCELLED AT 2025-03-28T15:40:42 ***
srun: Job step aborted: Waiting up to 32 seconds for job step to finish.
srun: error: node017: tasks 1-3: Killed
WARNING:root:outlier fraction 0.0851063829787234 
WARNING:root:auto bandwidth for xi_sz_cib very small or failed (h=0.0006286091254169242,N_eff=25.648630670833022). Using fallback (h=0.14708494851755005)
WARNING:root:2D kernel density bandwidth optimizer failed for w, wa. Using fallback width: f(a) and f(b) must have different signs
WARNING:root:2D kernel density bandwidth optimizer failed for w, beta_DE. Using fallback width: f(a) and f(b) must have different signs
WARNING:root:2D kernel density bandwidth optimizer failed for wa, beta_DE. Using fallback width: f(a) and f(b) must have different signs
../chains/planckdesipantheon.3.txt
../chains/planckdesipantheon.4.txt
../chains/planckdesipantheon.1.txt
../chains/planckdesipantheon.2.txt
Removed 0.3 as burn in
R-1 = 333.83964581311466
w_{0,\mathrm{DE}} = -0.848^{+0.089}_{-0.11}
w_{a,\mathrm{DE}} = -1.15^{+1.0}_{-0.83}
\beta_{\mathrm{DE}} = 3.5\pm 2.4
triangle plot saved at ../chains/outputs/planckdesipantheon_triangle.png
